0 info it worked if it ends with ok
1 verbose cli [ 'C:\\Program Files\\nodejs\\node.exe',
1 verbose cli   'C:\\Users\\cpolito\\AppData\\Roaming\\npm\\node_modules\\npm\\bin\\npm-cli.js',
1 verbose cli   'run',
1 verbose cli   'commit-deploy-dev' ]
2 info using npm@4.0.3
3 info using node@v6.9.1
4 verbose run-script [ 'precommit-deploy-dev',
4 verbose run-script   'commit-deploy-dev',
4 verbose run-script   'postcommit-deploy-dev' ]
5 info lifecycle methods1@1.0.0~precommit-deploy-dev: methods1@1.0.0
6 silly lifecycle methods1@1.0.0~precommit-deploy-dev: no script for precommit-deploy-dev, continuing
7 info lifecycle methods1@1.0.0~commit-deploy-dev: methods1@1.0.0
8 verbose lifecycle methods1@1.0.0~commit-deploy-dev: unsafe-perm in lifecycle true
9 verbose lifecycle methods1@1.0.0~commit-deploy-dev: PATH: C:\Users\cpolito\AppData\Roaming\npm\node_modules\npm\bin\node-gyp-bin;D:\_stuff\_code\z-sites\methods\methods1\node_modules\.bin;C:\ProgramData\Oracle\Java\javapath;C:\WINDOWS\system32;C:\WINDOWS;C:\WINDOWS\System32\Wbem;C:\WINDOWS\System32\WindowsPowerShell\v1.0\;C:\Program Files\Intel\WiFi\bin\;C:\Program Files\Common Files\Intel\WirelessCommon\;C:\Program Files (x86)\Heroku\bin;C:\Program Files (x86)\git\cmd;C:\Program Files\nodejs\;C:\Program Files (x86)\Windows Kits\10\Windows Performance Toolkit\;C:\Program Files\Microsoft SQL Server\130\Tools\Binn\;C:\Program Files\dotnet\;C:\Program Files\Git\cmd;C:\Program Files (x86)\GtkSharp\2.12\bin;C:\Program Files (x86)\Git\cmd;C:\Program Files\Amazon\AWSCLI\;C:\Ruby22-x64\bin;C:\RailsInstaller\Git\cmd;C:\RailsInstaller\Ruby2.2.0\bin;C:\Users\cpolito\AppData\Local\Microsoft\WindowsApps;C:\Program Files (x86)\Git\usr\bin;C:\Users\cpolito\AppData\Roaming\npm;C:\Python27;C:\Program Files (x86)\Reference Assemblies\Microsoft\Framework\.NETFramework\v4.6.1;C:\Program Files (x86)\PostgreSQL\9.6\bin
10 verbose lifecycle methods1@1.0.0~commit-deploy-dev: CWD: D:\_stuff\_code\z-sites\methods\methods1
11 silly lifecycle methods1@1.0.0~commit-deploy-dev: Args: [ '/d /s /c',
11 silly lifecycle   'git add * && git commit -m update && git push development master' ]
12 silly lifecycle methods1@1.0.0~commit-deploy-dev: Returned: code: 1  signal: null
13 info lifecycle methods1@1.0.0~commit-deploy-dev: Failed to exec commit-deploy-dev script
14 verbose stack Error: methods1@1.0.0 commit-deploy-dev: `git add * && git commit -m update && git push development master`
14 verbose stack Exit status 1
14 verbose stack     at EventEmitter.<anonymous> (C:\Users\cpolito\AppData\Roaming\npm\node_modules\npm\lib\utils\lifecycle.js:279:16)
14 verbose stack     at emitTwo (events.js:106:13)
14 verbose stack     at EventEmitter.emit (events.js:191:7)
14 verbose stack     at ChildProcess.<anonymous> (C:\Users\cpolito\AppData\Roaming\npm\node_modules\npm\lib\utils\spawn.js:40:14)
14 verbose stack     at emitTwo (events.js:106:13)
14 verbose stack     at ChildProcess.emit (events.js:191:7)
14 verbose stack     at maybeClose (internal/child_process.js:877:16)
14 verbose stack     at Process.ChildProcess._handle.onexit (internal/child_process.js:226:5)
15 verbose pkgid methods1@1.0.0
16 verbose cwd D:\_stuff\_code\z-sites\methods\methods1
17 error Windows_NT 10.0.15063
18 error argv "C:\\Program Files\\nodejs\\node.exe" "C:\\Users\\cpolito\\AppData\\Roaming\\npm\\node_modules\\npm\\bin\\npm-cli.js" "run" "commit-deploy-dev"
19 error node v6.9.1
20 error npm  v4.0.3
21 error code ELIFECYCLE
22 error methods1@1.0.0 commit-deploy-dev: `git add * && git commit -m update && git push development master`
22 error Exit status 1
23 error Failed at the methods1@1.0.0 commit-deploy-dev script 'git add * && git commit -m update && git push development master'.
23 error Make sure you have the latest version of node.js and npm installed.
23 error If you do, this is most likely a problem with the methods1 package,
23 error not with npm itself.
23 error Tell the author that this fails on your system:
23 error     git add * && git commit -m update && git push development master
23 error You can get information on how to open an issue for this project with:
23 error     npm bugs methods1
23 error Or if that isn't available, you can get their info via:
23 error     npm owner ls methods1
23 error There is likely additional logging output above.
24 verbose exit [ 1, true ]
